


materialPath: C:\Program Files (x86)\Steam\SteamApps\common\GarrysMod\garrysmod\materials
Loading D:\SteamLibrary\steamcmd\steamapps\common\GarrysModDS\garrysmod\addons\gmod_addons_dedicated\maps\gm_flounder_heights.vmf
ConVarRef mat_reduceparticles doesn't point to an existing ConVar
fixing up env_cubemap materials on brush sides...
0...1...2...3...4...5...6...7...8...9...100...1...2...3...4...5...6...7...8...9...10Processing areas...done (0)
Building Faces...done (0)
Chop Details...done (0)
Find Visible Detail Sides...
Merged 86 detail faces...done (0)
Merging details...done (0)
FixTjuncs...
PruneNodes...
WriteBSP...
done (0)
writing D:\SteamLibrary\steamcmd\steamapps\common\GarrysModDS\garrysmod\addons\gmod_addons_dedicated\maps\gm_flounder_heights.prt...Building visibility clusters...
done (0)
Creating default LDR cubemaps for env_cubemap using skybox materials:
   skybox/sky_day02_10_hdr*.vmt
 ! Run buildcubemaps in the engine to get the correct cube maps.
Creating default HDR cubemaps for env_cubemap using skybox materials:
   skybox/sky_day02_10_hdr*.vmt
 ! Run buildcubemaps in the engine to get the correct cube maps.
Finding displacement neighbors...
Finding lightmap sample positions...
Displacement Alpha : 0...1...2...3...4...5...6...7...8...9...10
Building Physics collision data...
WARNING: Map using power 4 displacements, terrain physics cannot be compressed, map will need additional memory and CPU.
done (0) (623635 bytes)
Placing detail props : 0...1...2...3...4...5...6...7...8...9...10
Compacting texture/material tables...
Reduced 3595 texinfos to 2412
Reduced 194 texdatas to 184 (10561 bytes to 10329)
Writing D:\SteamLibrary\steamcmd\steamapps\common\GarrysModDS\garrysmod\addons\gmod_addons_dedicated\maps\gm_flounder_heights.bsp
2 seconds elapsed



4 threads
reading d:\steamlibrary\steamcmd\steamapps\common\garrysmodds\garrysmod\addons\gmod_addons_dedicated\maps\gm_flounder_heights.bsp
reading d:\steamlibrary\steamcmd\steamapps\common\garrysmodds\garrysmod\addons\gmod_addons_dedicated\maps\gm_flounder_heights.prt
 741 portalclusters
2570 numportals
0...1...2...3...4...5...6...7...8...9...100...1...2...3...4...5...6...7...8...9...10Optimized: 1401 visible clusters (0.38%)
Total clusters visible: 366702
Average clusters visible: 494
Building PAS...
Average clusters audible: 738
visdatasize:144721  compressed from 142272
writing d:\steamlibrary\steamcmd\steamapps\common\garrysmodds\garrysmod\addons\gmod_addons_dedicated\maps\gm_flounder_heights.bsp
15 minutes, 57 seconds elapsed



[Reading texlights from 'lights.rad']
[45 texlights parsed from 'lights.rad']

Loading d:\steamlibrary\steamcmd\steamapps\common\garrysmodds\garrysmod\addons\gmod_addons_dedicated\maps\gm_flounder_heights.bsp
PREP OK
5056 faces
2301804 square feet [331459872.00 square inches]
3 Displacements
15685 Square Feet [2258736.00 Square Inches]
5056 patches before subdivision
49106 patches after subdivision
4 direct lights
0...1...2...3...4...5...6...7...8...9...100...1...2...3...4...5...6...7...8...9...10transfers 4965248, max 2348
transfer lists:  37.9 megs
0...1...2...3...4...5...6...7...8...9...10	Bounce #1 added RGB(182638, 191457, 168543)
0...1...2...3...4...5...6...7...8...9...10	Bounce #2 added RGB(31592, 33393, 26483)
0...1...2...3...4...5...6...7...8...9...10	Bounce #3 added RGB(5940, 6338, 4566)
0...1...2...3...4...5...6...7...8...9...10	Bounce #4 added RGB(1228, 1319, 862)
0...1...2...3...4...5...6...7...8...9...10	Bounce #5 added RGB(274, 298, 176)
0...1...2...3...4...5...6...7...8...9...10	Bounce #6 added RGB(62, 68, 36)
0...1...2...3...4...5...6...7...8...9...10	Bounce #7 added RGB(15, 17, 8)
0...1...2...3...4...5...6...7...8...9...10	Bounce #8 added RGB(4, 4, 2)
0...1...2...3...4...5...6...7...8...9...10	Bounce #9 added RGB(1, 1, 0)
0...1...2...3...4...5...6...7...8...9...10	Bounce #10 added RGB(0, 0, 0)
Build Patch/Sample Hash Table(s).....Done<0.0101 sec>
0...1...2...3...4...5...6...7...8...9...10FinalLightFace Done
0 of 0 (0% of) surface lights went in leaf ambient cubes.
0...1...2...3...4...5...6...7...8...9...10Writing leaf ambient...done
Ready to Finish

Object names       Objects/Maxobjs  Memory / Maxmem  Fullness 
------------       ---------------  ---------------  -------- 
models                   9/1024          432/49152    ( 0.9%) 
brushes               1372/16384       16464/196608   ( 8.4%) 
brushsides           10890/65536       87120/524288   (16.6%) 
planes                6366/65536      127320/1310720  ( 9.7%) 
vertexes              7614/65536       91368/786432   (11.6%) 
nodes                 1458/65536       46656/2097152  ( 2.2%) 
texinfos              2412/12288      173664/884736   (19.6%) 
texdata                184/2048         5888/65536    ( 9.0%) 
dispinfos                3/0             528/0        ( 0.0%) 
disp_verts             451/0            9020/0        ( 0.0%) 
disp_tris              768/0            1536/0        ( 0.0%) 
disp_lmsamples       40453/0           40453/0        ( 0.0%) 
faces                 5056/65536      283136/3670016  ( 7.7%) 
hdr faces                0/65536           0/3670016  ( 0.0%) 
origfaces             4067/65536      227752/3670016  ( 6.2%) 
leaves                1468/65536       46976/2097152  ( 2.2%) 
leaffaces             6817/65536       13634/131072   (10.4%) 
leafbrushes           2927/65536        5854/131072   ( 4.5%) 
areas                    3/1024           24/8192     ( 0.3%) 
surfedges            40989/512000     163956/2048000  ( 8.0%) 
edges                24862/256000      99448/1024000  ( 9.7%) 
LDR worldlights          4/8192          352/720896   ( 0.0%) 
HDR worldlights          0/8192            0/720896   ( 0.0%) 
leafwaterdata            0/32768           0/393216   ( 0.0%) 
waterstrips            443/32768        4430/327680   ( 1.4%) 
waterverts               0/65536           0/786432   ( 0.0%) 
waterindices          8418/65536       16836/131072   (12.8%) 
cubemapsamples          62/1024          992/16384    ( 6.1%) 
overlays                 0/512             0/180224   ( 0.0%) 
LDR lightdata         [variable]     2071512/0        ( 0.0%) 
HDR lightdata         [variable]           0/0        ( 0.0%) 
visdata               [variable]      144721/16777216 ( 0.9%) 
entdata               [variable]      103021/393216   (26.2%) 
LDR ambient table     1468/65536        5872/262144   ( 2.2%) 
HDR ambient table     1468/65536        5872/262144   ( 2.2%) 
LDR leaf ambient      8352/65536      233856/1835008  (12.7%) 
HDR leaf ambient      1468/65536       41104/1835008  ( 2.2%) 
occluders                0/0               0/0        ( 0.0%) 
occluder polygons        0/0               0/0        ( 0.0%) 
occluder vert ind        0/0               0/0        ( 0.0%) 
detail props          [variable]           1/12       ( 8.3%) 
static props          [variable]           1/20962    ( 0.0%) 
pakfile               [variable]     5433271/0        ( 0.0%) 
physics               [variable]      623635/4194304  (14.9%) 
physics terrain       [variable]           0/1048576  ( 0.0%) 

Level flags = 0

Total triangle count: 14385
Writing d:\steamlibrary\steamcmd\steamapps\common\garrysmodds\garrysmod\addons\gmod_addons_dedicated\maps\gm_flounder_heights.bsp
19 seconds elapsed



[Reading texlights from 'lights.rad']
[45 texlights parsed from 'lights.rad']

Loading d:\steamlibrary\steamcmd\steamapps\common\garrysmodds\garrysmod\addons\gmod_addons_dedicated\maps\gm_flounder_heights.bsp
PREP OK
5056 faces
2301804 square feet [331459872.00 square inches]
3 Displacements
15685 Square Feet [2258736.00 Square Inches]
5056 patches before subdivision
49106 patches after subdivision
4 direct lights
0...1...2...3...4...5...6...7...8...9...100...1...2...3...4...5...6...7...8...9...10transfers 4965248, max 2348
transfer lists:  37.9 megs
0...1...2...3...4...5...6...7...8...9...10	Bounce #1 added RGB(182638, 191457, 168542)
0...1...2...3...4...5...6...7...8...9...10	Bounce #2 added RGB(31592, 33393, 26483)
0...1...2...3...4...5...6...7...8...9...10	Bounce #3 added RGB(5940, 6338, 4566)
0...1...2...3...4...5...6...7...8...9...10	Bounce #4 added RGB(1228, 1319, 862)
0...1...2...3...4...5...6...7...8...9...10	Bounce #5 added RGB(274, 298, 176)
0...1...2...3...4...5...6...7...8...9...10	Bounce #6 added RGB(62, 68, 36)
0...1...2...3...4...5...6...7...8...9...10	Bounce #7 added RGB(15, 17, 8)
0...1...2...3...4...5...6...7...8...9...10	Bounce #8 added RGB(4, 4, 2)
0...1...2...3...4...5...6...7...8...9...10	Bounce #9 added RGB(1, 1, 0)
0...1...2...3...4...5...6...7...8...9...10	Bounce #10 added RGB(0, 0, 0)
Build Patch/Sample Hash Table(s).....Done<0.0110 sec>
0...1...2...3...4...5...6...7...8...9...10FinalLightFace Done
0 of 0 (0% of) surface lights went in leaf ambient cubes.
0...1...2...3...4...5...6...7...8...9...10Writing leaf ambient...done
Ready to Finish

Object names       Objects/Maxobjs  Memory / Maxmem  Fullness 
------------       ---------------  ---------------  -------- 
models                   9/1024          432/49152    ( 0.9%) 
brushes               1372/16384       16464/196608   ( 8.4%) 
brushsides           10890/65536       87120/524288   (16.6%) 
planes                6366/65536      127320/1310720  ( 9.7%) 
vertexes              7614/65536       91368/786432   (11.6%) 
nodes                 1458/65536       46656/2097152  ( 2.2%) 
texinfos              2412/12288      173664/884736   (19.6%) 
texdata                184/2048         5888/65536    ( 9.0%) 
dispinfos                3/0             528/0        ( 0.0%) 
disp_verts             451/0            9020/0        ( 0.0%) 
disp_tris              768/0            1536/0        ( 0.0%) 
disp_lmsamples       40453/0           40453/0        ( 0.0%) 
faces                 5056/65536      283136/3670016  ( 7.7%) 
hdr faces             5056/65536      283136/3670016  ( 7.7%) 
origfaces             4067/65536      227752/3670016  ( 6.2%) 
leaves                1468/65536       46976/2097152  ( 2.2%) 
leaffaces             6817/65536       13634/131072   (10.4%) 
leafbrushes           2927/65536        5854/131072   ( 4.5%) 
areas                    3/1024           24/8192     ( 0.3%) 
surfedges            40989/512000     163956/2048000  ( 8.0%) 
edges                24862/256000      99448/1024000  ( 9.7%) 
LDR worldlights          4/8192          352/720896   ( 0.0%) 
HDR worldlights          4/8192          352/720896   ( 0.0%) 
leafwaterdata            0/32768           0/393216   ( 0.0%) 
waterstrips            443/32768        4430/327680   ( 1.4%) 
waterverts               0/65536           0/786432   ( 0.0%) 
waterindices          8418/65536       16836/131072   (12.8%) 
cubemapsamples          62/1024          992/16384    ( 6.1%) 
overlays                 0/512             0/180224   ( 0.0%) 
LDR lightdata         [variable]     2071512/0        ( 0.0%) 
HDR lightdata         [variable]     2071512/0        ( 0.0%) 
visdata               [variable]      144721/16777216 ( 0.9%) 
entdata               [variable]      103021/393216   (26.2%) 
LDR ambient table     1468/65536        5872/262144   ( 2.2%) 
HDR ambient table     1468/65536        5872/262144   ( 2.2%) 
LDR leaf ambient      8352/65536      233856/1835008  (12.7%) 
HDR leaf ambient      8352/65536      233856/1835008  (12.7%) 
occluders                0/0               0/0        ( 0.0%) 
occluder polygons        0/0               0/0        ( 0.0%) 
occluder vert ind        0/0               0/0        ( 0.0%) 
detail props          [variable]           1/12       ( 8.3%) 
static props          [variable]           1/20962    ( 0.0%) 
pakfile               [variable]     5433271/0        ( 0.0%) 
physics               [variable]      623635/4194304  (14.9%) 
physics terrain       [variable]           0/1048576  ( 0.0%) 

Level flags = 0

Total triangle count: 14385
Writing d:\steamlibrary\steamcmd\steamapps\common\garrysmodds\garrysmod\addons\gmod_addons_dedicated\maps\gm_flounder_heights.bsp
18 seconds elapsed



materialPath: C:\Program Files (x86)\Steam\SteamApps\common\GarrysMod\garrysmod\materials
Loading D:\SteamLibrary\steamcmd\steamapps\common\GarrysModDS\garrysmod\addons\gmod_addons_dedicated\maps\gm_flounder_heights.vmf
ConVarRef mat_reduceparticles doesn't point to an existing ConVar
fixing up env_cubemap materials on brush sides...
0...1...2...3...4...5...6...7...8...9...100...1...2...3...4...5...6...7...8...9...10Processing areas...done (0)
Building Faces...done (0)
Chop Details...done (0)
Find Visible Detail Sides...
Merged 86 detail faces...done (0)
Merging details...done (0)
FixTjuncs...
PruneNodes...
WriteBSP...
done (0)
writing D:\SteamLibrary\steamcmd\steamapps\common\GarrysModDS\garrysmod\addons\gmod_addons_dedicated\maps\gm_flounder_heights.prt...Building visibility clusters...
done (0)
Creating default LDR cubemaps for env_cubemap using skybox materials:
   skybox/sky_day02_10_hdr*.vmt
 ! Run buildcubemaps in the engine to get the correct cube maps.
Creating default HDR cubemaps for env_cubemap using skybox materials:
   skybox/sky_day02_10_hdr*.vmt
 ! Run buildcubemaps in the engine to get the correct cube maps.
Finding displacement neighbors...
Finding lightmap sample positions...
Displacement Alpha : 0...1...2...3...4...5...6...7...8...9...10
Building Physics collision data...
WARNING: Map using power 4 displacements, terrain physics cannot be compressed, map will need additional memory and CPU.
done (0) (623635 bytes)
Placing detail props : 0...1...2...3...4...5...6...7...8...9...10
Compacting texture/material tables...
Reduced 3595 texinfos to 2393
Reduced 194 texdatas to 184 (10561 bytes to 10329)
Writing D:\SteamLibrary\steamcmd\steamapps\common\GarrysModDS\garrysmod\addons\gmod_addons_dedicated\maps\gm_flounder_heights.bsp
2 seconds elapsed



4 threads
reading d:\steamlibrary\steamcmd\steamapps\common\garrysmodds\garrysmod\addons\gmod_addons_dedicated\maps\gm_flounder_heights.bsp
reading d:\steamlibrary\steamcmd\steamapps\common\garrysmodds\garrysmod\addons\gmod_addons_dedicated\maps\gm_flounder_heights.prt
 826 portalclusters
2967 numportals
0...1...2...3...4...5...6...7...8...9...100...1...2...3...4...5...6...7...8...9...10Optimized: 2892 visible clusters (0.67%)
Total clusters visible: 430906
Average clusters visible: 521
Building PAS...
Average clusters audible: 823
visdatasize:176265  compressed from 171808
writing d:\steamlibrary\steamcmd\steamapps\common\garrysmodds\garrysmod\addons\gmod_addons_dedicated\maps\gm_flounder_heights.bsp
22 minutes, 50 seconds elapsed



[Reading texlights from 'lights.rad']
[45 texlights parsed from 'lights.rad']

Loading d:\steamlibrary\steamcmd\steamapps\common\garrysmodds\garrysmod\addons\gmod_addons_dedicated\maps\gm_flounder_heights.bsp
PREP OK
5005 faces
2301468 square feet [331411488.00 square inches]
3 Displacements
15685 Square Feet [2258736.00 Square Inches]
5005 patches before subdivision
48939 patches after subdivision
4 direct lights
0...1...2...3...4...5...6...7...8...9...100...1...2...3...4...5...6...7...8...9...10transfers 4973944, max 2338
transfer lists:  37.9 megs
0...1...2...3...4...5...6...7...8...9...10	Bounce #1 added RGB(185051, 194038, 170893)
0...1...2...3...4...5...6...7...8...9...10	Bounce #2 added RGB(32374, 34254, 27193)
0...1...2...3...4...5...6...7...8...9...10	Bounce #3 added RGB(6161, 6587, 4753)
0...1...2...3...4...5...6...7...8...9...10	Bounce #4 added RGB(1288, 1388, 909)
0...1...2...3...4...5...6...7...8...9...10	Bounce #5 added RGB(290, 316, 188)
0...1...2...3...4...5...6...7...8...9...10	Bounce #6 added RGB(66, 73, 39)
0...1...2...3...4...5...6...7...8...9...10	Bounce #7 added RGB(16, 18, 9)
0...1...2...3...4...5...6...7...8...9...10	Bounce #8 added RGB(4, 4, 2)
0...1...2...3...4...5...6...7...8...9...10	Bounce #9 added RGB(1, 1, 0)
0...1...2...3...4...5...6...7...8...9...10	Bounce #10 added RGB(0, 0, 0)
Build Patch/Sample Hash Table(s).....Done<0.0100 sec>
0...1...2...3...4...5...6...7...8...9...10FinalLightFace Done
0 of 0 (0% of) surface lights went in leaf ambient cubes.
0...1...2...3...4...5...6...7...8...9...10Writing leaf ambient...done
Ready to Finish

Object names       Objects/Maxobjs  Memory / Maxmem  Fullness 
------------       ---------------  ---------------  -------- 
models                   9/1024          432/49152    ( 0.9%) 
brushes               1372/16384       16464/196608   ( 8.4%) 
brushsides           10890/65536       87120/524288   (16.6%) 
planes                6366/65536      127320/1310720  ( 9.7%) 
vertexes              7670/65536       92040/786432   (11.7%) 
nodes                 1503/65536       48096/2097152  ( 2.3%) 
texinfos              2393/12288      172296/884736   (19.5%) 
texdata                184/2048         5888/65536    ( 9.0%) 
dispinfos                3/0             528/0        ( 0.0%) 
disp_verts             451/0            9020/0        ( 0.0%) 
disp_tris              768/0            1536/0        ( 0.0%) 
disp_lmsamples       40453/0           40453/0        ( 0.0%) 
faces                 5005/65536      280280/3670016  ( 7.6%) 
hdr faces                0/65536           0/3670016  ( 0.0%) 
origfaces             4002/65536      224112/3670016  ( 6.1%) 
leaves                1513/65536       48416/2097152  ( 2.3%) 
leaffaces             6803/65536       13606/131072   (10.4%) 
leafbrushes           2985/65536        5970/131072   ( 4.6%) 
areas                    3/1024           24/8192     ( 0.3%) 
surfedges            40575/512000     162300/2048000  ( 7.9%) 
edges                24513/256000      98052/1024000  ( 9.6%) 
LDR worldlights          4/8192          352/720896   ( 0.0%) 
HDR worldlights          0/8192            0/720896   ( 0.0%) 
leafwaterdata            0/32768           0/393216   ( 0.0%) 
waterstrips            476/32768        4760/327680   ( 1.5%) 
waterverts               0/65536           0/786432   ( 0.0%) 
waterindices          8973/65536       17946/131072   (13.7%) 
cubemapsamples          62/1024          992/16384    ( 6.1%) 
overlays                 0/512             0/180224   ( 0.0%) 
LDR lightdata         [variable]     2067776/0        ( 0.0%) 
HDR lightdata         [variable]           0/0        ( 0.0%) 
visdata               [variable]      176265/16777216 ( 1.1%) 
entdata               [variable]      103021/393216   (26.2%) 
LDR ambient table     1513/65536        6052/262144   ( 2.3%) 
HDR ambient table     1513/65536        6052/262144   ( 2.3%) 
LDR leaf ambient      8984/65536      251552/1835008  (13.7%) 
HDR leaf ambient      1513/65536       42364/1835008  ( 2.3%) 
occluders                0/0               0/0        ( 0.0%) 
occluder polygons        0/0               0/0        ( 0.0%) 
occluder vert ind        0/0               0/0        ( 0.0%) 
detail props          [variable]           1/12       ( 8.3%) 
static props          [variable]           1/20954    ( 0.0%) 
pakfile               [variable]     5433271/0        ( 0.0%) 
physics               [variable]      623635/4194304  (14.9%) 
physics terrain       [variable]           0/1048576  ( 0.0%) 

Level flags = 0

Total triangle count: 14333
Writing d:\steamlibrary\steamcmd\steamapps\common\garrysmodds\garrysmod\addons\gmod_addons_dedicated\maps\gm_flounder_heights.bsp
18 seconds elapsed



[Reading texlights from 'lights.rad']
[45 texlights parsed from 'lights.rad']

Loading d:\steamlibrary\steamcmd\steamapps\common\garrysmodds\garrysmod\addons\gmod_addons_dedicated\maps\gm_flounder_heights.bsp
PREP OK
5005 faces
2301468 square feet [331411488.00 square inches]
3 Displacements
15685 Square Feet [2258736.00 Square Inches]
5005 patches before subdivision
48939 patches after subdivision
4 direct lights
0...1...2...3...4...5...6...7...8...9...100...1...2...3...4...5...6...7...8...9...10transfers 4973944, max 2338
transfer lists:  37.9 megs
0...1...2...3...4...5...6...7...8...9...10	Bounce #1 added RGB(185051, 194038, 170893)
0...1...2...3...4...5...6...7...8...9...10	Bounce #2 added RGB(32374, 34254, 27193)
0...1...2...3...4...5...6...7...8...9...10	Bounce #3 added RGB(6161, 6587, 4753)
0...1...2...3...4...5...6...7...8...9...10	Bounce #4 added RGB(1288, 1388, 909)
0...1...2...3...4...5...6...7...8...9...10	Bounce #5 added RGB(290, 316, 188)
0...1...2...3...4...5...6...7...8...9...10	Bounce #6 added RGB(66, 73, 39)
0...1...2...3...4...5...6...7...8...9...10	Bounce #7 added RGB(16, 18, 9)
0...1...2...3...4...5...6...7...8...9...10	Bounce #8 added RGB(4, 4, 2)
0...1...2...3...4...5...6...7...8...9...10	Bounce #9 added RGB(1, 1, 0)
0...1...2...3...4...5...6...7...8...9...10	Bounce #10 added RGB(0, 0, 0)
Build Patch/Sample Hash Table(s).....Done<0.0108 sec>
0...1...2...3...4...5...6...7...8...9...10FinalLightFace Done
0 of 0 (0% of) surface lights went in leaf ambient cubes.
0...1...2...3...4...5...6...7...8...9...10Writing leaf ambient...done
Ready to Finish

Object names       Objects/Maxobjs  Memory / Maxmem  Fullness 
------------       ---------------  ---------------  -------- 
models                   9/1024          432/49152    ( 0.9%) 
brushes               1372/16384       16464/196608   ( 8.4%) 
brushsides           10890/65536       87120/524288   (16.6%) 
planes                6366/65536      127320/1310720  ( 9.7%) 
vertexes              7670/65536       92040/786432   (11.7%) 
nodes                 1503/65536       48096/2097152  ( 2.3%) 
texinfos              2393/12288      172296/884736   (19.5%) 
texdata                184/2048         5888/65536    ( 9.0%) 
dispinfos                3/0             528/0        ( 0.0%) 
disp_verts             451/0            9020/0        ( 0.0%) 
disp_tris              768/0            1536/0        ( 0.0%) 
disp_lmsamples       40453/0           40453/0        ( 0.0%) 
faces                 5005/65536      280280/3670016  ( 7.6%) 
hdr faces             5005/65536      280280/3670016  ( 7.6%) 
origfaces             4002/65536      224112/3670016  ( 6.1%) 
leaves                1513/65536       48416/2097152  ( 2.3%) 
leaffaces             6803/65536       13606/131072   (10.4%) 
leafbrushes           2985/65536        5970/131072   ( 4.6%) 
areas                    3/1024           24/8192     ( 0.3%) 
surfedges            40575/512000     162300/2048000  ( 7.9%) 
edges                24513/256000      98052/1024000  ( 9.6%) 
LDR worldlights          4/8192          352/720896   ( 0.0%) 
HDR worldlights          4/8192          352/720896   ( 0.0%) 
leafwaterdata            0/32768           0/393216   ( 0.0%) 
waterstrips            476/32768        4760/327680   ( 1.5%) 
waterverts               0/65536           0/786432   ( 0.0%) 
waterindices          8973/65536       17946/131072   (13.7%) 
cubemapsamples          62/1024          992/16384    ( 6.1%) 
overlays                 0/512             0/180224   ( 0.0%) 
LDR lightdata         [variable]     2067776/0        ( 0.0%) 
HDR lightdata         [variable]     2067776/0        ( 0.0%) 
visdata               [variable]      176265/16777216 ( 1.1%) 
entdata               [variable]      103021/393216   (26.2%) 
LDR ambient table     1513/65536        6052/262144   ( 2.3%) 
HDR ambient table     1513/65536        6052/262144   ( 2.3%) 
LDR leaf ambient      8984/65536      251552/1835008  (13.7%) 
HDR leaf ambient      8984/65536      251552/1835008  (13.7%) 
occluders                0/0               0/0        ( 0.0%) 
occluder polygons        0/0               0/0        ( 0.0%) 
occluder vert ind        0/0               0/0        ( 0.0%) 
detail props          [variable]           1/12       ( 8.3%) 
static props          [variable]           1/20954    ( 0.0%) 
pakfile               [variable]     5433271/0        ( 0.0%) 
physics               [variable]      623635/4194304  (14.9%) 
physics terrain       [variable]           0/1048576  ( 0.0%) 

Level flags = 0

Total triangle count: 14333
Writing d:\steamlibrary\steamcmd\steamapps\common\garrysmodds\garrysmod\addons\gmod_addons_dedicated\maps\gm_flounder_heights.bsp
17 seconds elapsed



materialPath: C:\Program Files (x86)\Steam\SteamApps\common\GarrysMod\garrysmod\materials
Loading D:\SteamLibrary\steamcmd\steamapps\common\GarrysModDS\garrysmod\addons\gmod_addons_dedicated\maps\gm_flounder_heights.vmf
ConVarRef mat_reduceparticles doesn't point to an existing ConVar
fixing up env_cubemap materials on brush sides...
0...1...2...3...4...5...6...7...8...9...100...1...2...3...4...5...6...7...8...9...10Processing areas...done (0)
Building Faces...done (0)
Chop Details...done (0)
Find Visible Detail Sides...
Merged 86 detail faces...done (0)
Merging details...done (0)
FixTjuncs...
PruneNodes...
WriteBSP...
done (0)
writing D:\SteamLibrary\steamcmd\steamapps\common\GarrysModDS\garrysmod\addons\gmod_addons_dedicated\maps\gm_flounder_heights.prt...Building visibility clusters...
done (0)
Creating default LDR cubemaps for env_cubemap using skybox materials:
   skybox/sky_day02_10_hdr*.vmt
 ! Run buildcubemaps in the engine to get the correct cube maps.
Creating default HDR cubemaps for env_cubemap using skybox materials:
   skybox/sky_day02_10_hdr*.vmt
 ! Run buildcubemaps in the engine to get the correct cube maps.
Finding displacement neighbors...
Finding lightmap sample positions...
Displacement Alpha : 0...1...2...3...4...5...6...7...8...9...10
Building Physics collision data...
WARNING: Map using power 4 displacements, terrain physics cannot be compressed, map will need additional memory and CPU.
done (1) (623635 bytes)
Placing detail props : 0...1...2...3...4...5...6...7...8...9...10
Compacting texture/material tables...
Reduced 3635 texinfos to 2344
Reduced 196 texdatas to 186 (11065 bytes to 10813)
Writing D:\SteamLibrary\steamcmd\steamapps\common\GarrysModDS\garrysmod\addons\gmod_addons_dedicated\maps\gm_flounder_heights.bsp
2 seconds elapsed



4 threads
reading d:\steamlibrary\steamcmd\steamapps\common\garrysmodds\garrysmod\addons\gmod_addons_dedicated\maps\gm_flounder_heights.bsp
reading d:\steamlibrary\steamcmd\steamapps\common\garrysmodds\garrysmod\addons\gmod_addons_dedicated\maps\gm_flounder_heights.prt
 793 portalclusters
2863 numportals
0...1...2...3...4...5...6...7...8...9...100...1...2...3...4...5...6...7...8...9...10Optimized: 1678 visible clusters (0.43%)
Total clusters visible: 393971
Average clusters visible: 496
Building PAS...
Average clusters audible: 790
visdatasize:164855  compressed from 164944
writing d:\steamlibrary\steamcmd\steamapps\common\garrysmodds\garrysmod\addons\gmod_addons_dedicated\maps\gm_flounder_heights.bsp
21 minutes, 14 seconds elapsed



[Reading texlights from 'lights.rad']
[45 texlights parsed from 'lights.rad']

Loading d:\steamlibrary\steamcmd\steamapps\common\garrysmodds\garrysmod\addons\gmod_addons_dedicated\maps\gm_flounder_heights.bsp
PREP OK
4932 faces
2301297 square feet [331386784.00 square inches]
3 Displacements
15685 Square Feet [2258736.00 Square Inches]
4932 patches before subdivision
48756 patches after subdivision
4 direct lights
0...1...2...3...4...5...6...7...8...9...100...1...2...3...4...5...6...7...8...9...10transfers 4883294, max 2310
transfer lists:  37.3 megs
0...1...2...3...4...5...6...7...8...9...10	Bounce #1 added RGB(185276, 194258, 171218)
0...1...2...3...4...5...6...7...8...9...10	Bounce #2 added RGB(32469, 34364, 27280)
0...1...2...3...4...5...6...7...8...9...10	Bounce #3 added RGB(6175, 6604, 4765)
0...1...2...3...4...5...6...7...8...9...10	Bounce #4 added RGB(1290, 1392, 911)
0...1...2...3...4...5...6...7...8...9...10	Bounce #5 added RGB(291, 317, 188)
0...1...2...3...4...5...6...7...8...9...10	Bounce #6 added RGB(67, 73, 39)
0...1...2...3...4...5...6...7...8...9...10	Bounce #7 added RGB(16, 18, 9)
0...1...2...3...4...5...6...7...8...9...10	Bounce #8 added RGB(4, 4, 2)
0...1...2...3...4...5...6...7...8...9...10	Bounce #9 added RGB(1, 1, 0)
0...1...2...3...4...5...6...7...8...9...10	Bounce #10 added RGB(0, 0, 0)
Build Patch/Sample Hash Table(s).....Done<0.0099 sec>
0...1...2...3...4...5...6...7...8...9...10FinalLightFace Done
0 of 0 (0% of) surface lights went in leaf ambient cubes.
0...1...2...3...4...5...6...7...8...9...10Writing leaf ambient...done
Ready to Finish

Object names       Objects/Maxobjs  Memory / Maxmem  Fullness 
------------       ---------------  ---------------  -------- 
models                   9/1024          432/49152    ( 0.9%) 
brushes               1372/16384       16464/196608   ( 8.4%) 
brushsides           10890/65536       87120/524288   (16.6%) 
planes                6366/65536      127320/1310720  ( 9.7%) 
vertexes              7615/65536       91380/786432   (11.6%) 
nodes                 1450/65536       46400/2097152  ( 2.2%) 
texinfos              2344/12288      168768/884736   (19.1%) 
texdata                186/2048         5952/65536    ( 9.1%) 
dispinfos                3/0             528/0        ( 0.0%) 
disp_verts             451/0            9020/0        ( 0.0%) 
disp_tris              768/0            1536/0        ( 0.0%) 
disp_lmsamples       40453/0           40453/0        ( 0.0%) 
faces                 4932/65536      276192/3670016  ( 7.5%) 
hdr faces                0/65536           0/3670016  ( 0.0%) 
origfaces             3934/65536      220304/3670016  ( 6.0%) 
leaves                1460/65536       46720/2097152  ( 2.2%) 
leaffaces             6731/65536       13462/131072   (10.3%) 
leafbrushes           2941/65536        5882/131072   ( 4.5%) 
areas                    3/1024           24/8192     ( 0.3%) 
surfedges            39995/512000     159980/2048000  ( 7.8%) 
edges                23966/256000      95864/1024000  ( 9.4%) 
LDR worldlights          4/8192          352/720896   ( 0.0%) 
HDR worldlights          0/8192            0/720896   ( 0.0%) 
leafwaterdata            0/32768           0/393216   ( 0.0%) 
waterstrips            453/32768        4530/327680   ( 1.4%) 
waterverts               0/65536           0/786432   ( 0.0%) 
waterindices          8538/65536       17076/131072   (13.0%) 
cubemapsamples          62/1024          992/16384    ( 6.1%) 
overlays                 0/512             0/180224   ( 0.0%) 
LDR lightdata         [variable]     2061972/0        ( 0.0%) 
HDR lightdata         [variable]           0/0        ( 0.0%) 
visdata               [variable]      164855/16777216 ( 1.0%) 
entdata               [variable]      103021/393216   (26.2%) 
LDR ambient table     1460/65536        5840/262144   ( 2.2%) 
HDR ambient table     1460/65536        5840/262144   ( 2.2%) 
LDR leaf ambient      8709/65536      243852/1835008  (13.3%) 
HDR leaf ambient      1460/65536       40880/1835008  ( 2.2%) 
occluders                0/0               0/0        ( 0.0%) 
occluder polygons        0/0               0/0        ( 0.0%) 
occluder vert ind        0/0               0/0        ( 0.0%) 
detail props          [variable]           1/12       ( 8.3%) 
static props          [variable]           1/20952    ( 0.0%) 
pakfile               [variable]     5434531/0        ( 0.0%) 
physics               [variable]      623635/4194304  (14.9%) 
physics terrain       [variable]           0/1048576  ( 0.0%) 

Level flags = 0

Total triangle count: 14171
Writing d:\steamlibrary\steamcmd\steamapps\common\garrysmodds\garrysmod\addons\gmod_addons_dedicated\maps\gm_flounder_heights.bsp
17 seconds elapsed



[Reading texlights from 'lights.rad']
[45 texlights parsed from 'lights.rad']

Loading d:\steamlibrary\steamcmd\steamapps\common\garrysmodds\garrysmod\addons\gmod_addons_dedicated\maps\gm_flounder_heights.bsp
PREP OK
4932 faces
2301297 square feet [331386784.00 square inches]
3 Displacements
15685 Square Feet [2258736.00 Square Inches]
4932 patches before subdivision
48756 patches after subdivision
4 direct lights
0...1...2...3...4...5...6...7...8...9...100...1...2...3...4...5...6...7...8...9...10transfers 4883294, max 2310
transfer lists:  37.3 megs
0...1...2...3...4...5...6...7...8...9...10	Bounce #1 added RGB(185276, 194258, 171218)
0...1...2...3...4...5...6...7...8...9...10	Bounce #2 added RGB(32469, 34364, 27280)
0...1...2...3...4...5...6...7...8...9...10	Bounce #3 added RGB(6175, 6604, 4765)
0...1...2...3...4...5...6...7...8...9...10	Bounce #4 added RGB(1290, 1392, 911)
0...1...2...3...4...5...6...7...8...9...10	Bounce #5 added RGB(291, 317, 188)
0...1...2...3...4...5...6...7...8...9...10	Bounce #6 added RGB(67, 73, 39)
0...1...2...3...4...5...6...7...8...9...10	Bounce #7 added RGB(16, 18, 9)
0...1...2...3...4...5...6...7...8...9...10	Bounce #8 added RGB(4, 4, 2)
0...1...2...3...4...5...6...7...8...9...10	Bounce #9 added RGB(1, 1, 0)
0...1...2...3...4...5...6...7...8...9...10	Bounce #10 added RGB(0, 0, 0)
Build Patch/Sample Hash Table(s).....Done<0.0108 sec>
0...1...2...3...4...5...6...7...8...9...10FinalLightFace Done
0 of 0 (0% of) surface lights went in leaf ambient cubes.
0...1...2...3...4...5...6...7...8...9...10Writing leaf ambient...done
Ready to Finish

Object names       Objects/Maxobjs  Memory / Maxmem  Fullness 
------------       ---------------  ---------------  -------- 
models                   9/1024          432/49152    ( 0.9%) 
brushes               1372/16384       16464/196608   ( 8.4%) 
brushsides           10890/65536       87120/524288   (16.6%) 
planes                6366/65536      127320/1310720  ( 9.7%) 
vertexes              7615/65536       91380/786432   (11.6%) 
nodes                 1450/65536       46400/2097152  ( 2.2%) 
texinfos              2344/12288      168768/884736   (19.1%) 
texdata                186/2048         5952/65536    ( 9.1%) 
dispinfos                3/0             528/0        ( 0.0%) 
disp_verts             451/0            9020/0        ( 0.0%) 
disp_tris              768/0            1536/0        ( 0.0%) 
disp_lmsamples       40453/0           40453/0        ( 0.0%) 
faces                 4932/65536      276192/3670016  ( 7.5%) 
hdr faces             4932/65536      276192/3670016  ( 7.5%) 
origfaces             3934/65536      220304/3670016  ( 6.0%) 
leaves                1460/65536       46720/2097152  ( 2.2%) 
leaffaces             6731/65536       13462/131072   (10.3%) 
leafbrushes           2941/65536        5882/131072   ( 4.5%) 
areas                    3/1024           24/8192     ( 0.3%) 
surfedges            39995/512000     159980/2048000  ( 7.8%) 
edges                23966/256000      95864/1024000  ( 9.4%) 
LDR worldlights          4/8192          352/720896   ( 0.0%) 
HDR worldlights          4/8192          352/720896   ( 0.0%) 
leafwaterdata            0/32768           0/393216   ( 0.0%) 
waterstrips            453/32768        4530/327680   ( 1.4%) 
waterverts               0/65536           0/786432   ( 0.0%) 
waterindices          8538/65536       17076/131072   (13.0%) 
cubemapsamples          62/1024          992/16384    ( 6.1%) 
overlays                 0/512             0/180224   ( 0.0%) 
LDR lightdata         [variable]     2061972/0        ( 0.0%) 
HDR lightdata         [variable]     2061972/0        ( 0.0%) 
visdata               [variable]      164855/16777216 ( 1.0%) 
entdata               [variable]      103021/393216   (26.2%) 
LDR ambient table     1460/65536        5840/262144   ( 2.2%) 
HDR ambient table     1460/65536        5840/262144   ( 2.2%) 
LDR leaf ambient      8709/65536      243852/1835008  (13.3%) 
HDR leaf ambient      8709/65536      243852/1835008  (13.3%) 
occluders                0/0               0/0        ( 0.0%) 
occluder polygons        0/0               0/0        ( 0.0%) 
occluder vert ind        0/0               0/0        ( 0.0%) 
detail props          [variable]           1/12       ( 8.3%) 
static props          [variable]           1/20952    ( 0.0%) 
pakfile               [variable]     5434531/0        ( 0.0%) 
physics               [variable]      623635/4194304  (14.9%) 
physics terrain       [variable]           0/1048576  ( 0.0%) 

Level flags = 0

Total triangle count: 14171
Writing d:\steamlibrary\steamcmd\steamapps\common\garrysmodds\garrysmod\addons\gmod_addons_dedicated\maps\gm_flounder_heights.bsp
16 seconds elapsed
